<?xml version="1.0" encoding="UTF-8"?>
<!-- Generated by org.testng.reporters.JUnitReportReporter -->
<testsuite hostname="mohameds-mbp" failures="0" tests="2" name="testCases.buyProduct" time="19.602" errors="0" timestamp="2023-02-10T18:52:37 EET" skipped="0">
  <testcase classname="testCases.buyProduct" name="buy_bag" time="10.391"/>
  <system-out/>
  <testcase classname="testCases.buyProduct" name="buy_Tsshirt" time="9.211"/>
  <system-out/>
</testsuite> <!-- testCases.buyProduct -->
