<?xml version="1.0" encoding="UTF-8"?>
<!-- Generated by org.testng.reporters.JUnitReportReporter -->
<testsuite hostname="mohameds-mbp" failures="0" tests="1" name="testCases.logoutTest" time="0.778" errors="0" timestamp="2023-02-10T18:52:37 EET" skipped="0">
  <testcase classname="testCases.logoutTest" name="user_logout" time="0.778"/>
  <system-out/>
</testsuite> <!-- testCases.logoutTest -->
