<?xml version="1.0" encoding="UTF-8"?>
<!-- Generated by org.testng.reporters.JUnitReportReporter -->
<testsuite hostname="mohameds-mbp" failures="0" tests="1" name="testCases.loginTest" time="5.416" errors="0" timestamp="2023-02-10T18:52:37 EET" skipped="0">
  <testcase classname="testCases.loginTest" name="loginTest" time="5.416"/>
  <system-out/>
</testsuite> <!-- testCases.loginTest -->
